Assembler report for MAINFILE
Thu Oct 25 23:28:59 2018
Quartus Prime Version 18.0.0 Build 614 04/24/2018 SJ Lite Edition


---------------------
; Table of Contents ;
---------------------
  1. Legal Notice
  2. Assembler Summary
  3. Assembler Settings
  4. Assembler Generated Files
  5. Assembler Device Options: E:/Education/ANU/OneDrive - Australian National University/ENGN8537 Embedded Sys nd Real Time DSP/Project/Coding/Final/output_files/MAINFILE.sof
  6. Assembler Messages



----------------
; Legal Notice ;
----------------
Copyright (C) 2018  Intel Corporation. All rights reserved.
Your use of Intel Corporation's design tools, logic functions 
and other software and tools, and its AMPP partner logic 
functions, and any output files from any of the foregoing 
(including device programming or simulation files), and any 
associated documentation or information are expressly subject 
to the terms and conditions of the Intel Program License 
Subscription Agreement, the Intel Quartus Prime License Agreement,
the Intel FPGA IP License Agreement, or other applicable license
agreement, including, without limitation, that your use is for
the sole purpose of programming logic devices manufactured by
Intel and sold by Intel or its authorized distributors.  Please
refer to the applicable agreement for further details.



+---------------------------------------------------------------+
; Assembler Summary                                             ;
+-----------------------+---------------------------------------+
; Assembler Status      ; Successful - Thu Oct 25 23:28:59 2018 ;
; Revision Name         ; MAINFILE                              ;
; Top-level Entity Name ; MAINFILE                              ;
; Family                ; Cyclone V                             ;
; Device                ; 5CSEBA6U23I7                          ;
+-----------------------+---------------------------------------+


+----------------------------------+
; Assembler Settings               ;
+--------+---------+---------------+
; Option ; Setting ; Default Value ;
+--------+---------+---------------+


+--------------------------------------------------------------------------------------------------------------------------------------------------+
; Assembler Generated Files                                                                                                                        ;
+--------------------------------------------------------------------------------------------------------------------------------------------------+
; File Name                                                                                                                                        ;
+--------------------------------------------------------------------------------------------------------------------------------------------------+
; E:/Education/ANU/OneDrive - Australian National University/ENGN8537 Embedded Sys nd Real Time DSP/Project/Coding/Final/output_files/MAINFILE.sof ;
+--------------------------------------------------------------------------------------------------------------------------------------------------+


+----------------------------------------------------------------------------------------------------------------------------------------------------------------------------+
; Assembler Device Options: E:/Education/ANU/OneDrive - Australian National University/ENGN8537 Embedded Sys nd Real Time DSP/Project/Coding/Final/output_files/MAINFILE.sof ;
+----------------+-----------------------------------------------------------------------------------------------------------------------------------------------------------+
; Option         ; Setting                                                                                                                                                   ;
+----------------+-----------------------------------------------------------------------------------------------------------------------------------------------------------+
; JTAG usercode  ; 0x00B1848C                                                                                                                                                ;
; Checksum       ; 0x00B1848C                                                                                                                                                ;
+----------------+-----------------------------------------------------------------------------------------------------------------------------------------------------------+


+--------------------+
; Assembler Messages ;
+--------------------+
Info: *******************************************************************
Info: Running Quartus Prime Assembler
    Info: Version 18.0.0 Build 614 04/24/2018 SJ Lite Edition
    Info: Processing started: Thu Oct 25 23:28:52 2018
Info: Command: quartus_asm --read_settings_files=off --write_settings_files=off motorControl -c MAINFILE
Warning (18236): Number of processors has not been specified which may cause overloading on shared machines.  Set the global assignment NUM_PARALLEL_PROCESSORS in your QSF to an appropriate value for best performance.
Info (115030): Assembler is generating device programming files
Info: Quartus Prime Assembler was successful. 0 errors, 1 warning
    Info: Peak virtual memory: 4851 megabytes
    Info: Processing ended: Thu Oct 25 23:28:59 2018
    Info: Elapsed time: 00:00:07
    Info: Total CPU time (on all processors): 00:00:07


